<?xml version="1.0" encoding="UTF-8"?>
<testsuite xmlns:xsi="http://www.w3.org/2001/XMLSchema-instance" xsi:noNamespaceSchemaLocation="https://maven.apache.org/surefire/maven-surefire-plugin/xsd/surefire-test-report.xsd" version="3.0.2" name="com.template.template.TemplateApplicationTests" time="3.91" tests="1" errors="0" skipped="0" failures="0">
  <properties>
[...]
</properties>
  <testcase name="contextLoads" classname="com.template.template.TemplateApplicationTests" time="0.559">
    <system-out><![CDATA[00:22:18.779 [main] INFO org.springframework.test.context.support.AnnotationConfigContextLoaderUtils -- Could not detect default configuration classes for test class [com.template.template.TemplateApplicationTests]: TemplateApplicationTests does not declare any static, non-private, non-final, nested classes annotated with @Configuration.
00:22:18.869 [main] INFO org.springframework.boot.test.context.SpringBootTestContextBootstrapper -- Found @SpringBootConfiguration com.template.template.TemplateApplication for test class com.template.template.TemplateApplicationTests

  .   ____          _            __ _ _
 /\\ / ___'_ __ _ _(_)_ __  __ _ \ \ \ \
( ( )\___ | '_ | '_| | '_ \/ _` | \ \ \ \
 \\/  ___)| |_)| | | | | || (_| |  ) ) ) )
  '  |____| .__|_| |_|_| |_\__, | / / / /
 =========|_|==============|___/=/_/_/_/

 :: Spring Boot ::                (v3.4.4)

2025-06-09T00:22:19.251+02:00  INFO 24480 --- [           main] c.t.template.TemplateApplicationTests    : Starting TemplateApplicationTests using Java 17.0.12 with PID 24480 (started by kashi in C:\Users\kashi\IdeaProjects\Template)
2025-06-09T00:22:19.253+02:00  INFO 24480 --- [           main] c.t.template.TemplateApplicationTests    : No active profile set, falling back to 1 default profile: "default"
2025-06-09T00:22:20.894+02:00  INFO 24480 --- [           main] r$InitializeUserDetailsManagerConfigurer : Global AuthenticationManager configured with UserDetailsService bean with name inMemoryUserDetailsManager
2025-06-09T00:22:21.027+02:00  INFO 24480 --- [           main] o.s.b.a.w.s.WelcomePageHandlerMapping    : Adding welcome page template: index
2025-06-09T00:22:21.988+02:00  INFO 24480 --- [           main] c.t.template.TemplateApplicationTests    : Started TemplateApplicationTests in 2.975 seconds (process running for 3.744)
]]></system-out>
  </testcase>
</testsuite>